level error: Sep-07-2023 17:13:53 	Error: data and salt arguments required
level error: Sep-07-2023 17:14:55 	Error: data and salt arguments required
level error: Sep-07-2023 17:16:14 	Error: data and salt arguments required
level info: Sep-07-2023 17:22:45 	Your account is created!
level error: Sep-07-2023 17:22:57 	User is already exist with this email or phone number
level info: Sep-07-2023 17:23:28 	Authentication successful.
level info: Sep-07-2023 17:43:53 	Email has been sended
level error: Sep-07-2023 17:44:38 	New password or confirm password is incorrect
level info: Sep-07-2023 17:44:45 	Password Updated
level error: Sep-07-2023 17:44:48 	Don't use old passwords, try another password
level info: Sep-07-2023 17:53:31 	Your profile pic
level error: Sep-07-2023 18:00:53 	Error: data and hash arguments required
level error: Sep-07-2023 18:01:58 	Error: data and hash arguments required
level error: Sep-07-2023 18:02:05 	Error: data and hash arguments required
level error: Sep-07-2023 18:02:43 	Error: data and hash arguments required
level error: Sep-07-2023 18:03:04 	Error: data and hash arguments required
level error: Sep-07-2023 18:03:36 	Error: data and hash arguments required
level error: Sep-07-2023 18:04:00 	Error: data and hash arguments required
level error: Sep-07-2023 18:04:32 	Error: data and hash arguments required
level error: Sep-07-2023 18:06:45 	Old Password is incorrect
level info: Sep-07-2023 18:08:15 	Your account is created!
level error: Sep-07-2023 18:08:22 	Old Password is incorrect
level error: Sep-07-2023 18:09:08 	Error: userData.usedPasswords is not iterable
level info: Sep-07-2023 18:09:52 	Your Password is updated!
level error: Sep-07-2023 18:09:57 	Old Password is incorrect
level error: Sep-07-2023 18:48:27 	This user name is already taken, try another
level error: Sep-07-2023 18:48:44 	User not found!
level error: Sep-07-2023 18:48:54 	User not found!
level info: Sep-07-2023 18:49:29 	User profile updated
level info: Sep-07-2023 18:50:15 	User profile updated
level info: Sep-07-2023 18:50:36 	User profile updated
level info: Sep-07-2023 18:53:15 	User profile updated
level error: Sep-08-2023 00:09:57 	This user name is already taken, try another
level info: Sep-08-2023 00:10:10 	User profile updated
level error: Sep-08-2023 10:07:17 	This user name is already taken, try another
level info: Sep-08-2023 10:07:28 	User profile updated
level info: Sep-08-2023 17:15:46 	Your account is created!
level info: Sep-08-2023 17:16:25 	Authentication successful.
level info: Sep-08-2023 17:48:34 	Your account is created!
level info: Sep-08-2023 17:49:53 	Your account is created!
level error: Sep-08-2023 18:45:38 	Error: Cannot read properties of null (reading 'userFollowers')
level error: Sep-08-2023 18:46:33 	Error: Cannot read properties of null (reading 'userFollowers')
level info: Sep-08-2023 22:45:42 	Un Follow successfully
level info: Sep-08-2023 22:46:43 	Un Follow successfully
level info: Sep-08-2023 22:46:50 	Un Follow successfully
level info: Sep-08-2023 22:48:59 	Follow successfully
level info: Sep-08-2023 22:49:01 	Unfollow successfully
level info: Sep-08-2023 22:49:03 	Follow successfully
level info: Sep-08-2023 22:50:42 	Your account is created!
level info: Sep-08-2023 22:51:16 	Your account is created!
level info: Sep-08-2023 22:52:05 	Your account is created!
level info: Sep-08-2023 22:52:53 	Your account is created!
level info: Sep-08-2023 22:53:47 	Follow successfully
level info: Sep-08-2023 22:54:14 	Follow successfully
level info: Sep-08-2023 22:55:30 	Unfollow successfully
level info: Sep-08-2023 22:55:44 	Unfollow successfully
level info: Sep-08-2023 23:02:31 	Follow successfully
level info: Sep-08-2023 23:02:32 	Follow successfully
level info: Sep-08-2023 23:05:16 	Unfollow successfully
level info: Sep-08-2023 23:05:19 	Unfollow successfully
level info: Sep-08-2023 23:05:22 	Unfollow successfully
level info: Sep-08-2023 23:07:34 	Unfollow successfully
level info: Sep-08-2023 23:09:04 	Follow successfully
level info: Sep-08-2023 23:09:07 	Unfollow successfully
level info: Sep-08-2023 23:20:38 	Follow successfully
level info: Sep-08-2023 23:25:28 	User followers
level info: Sep-08-2023 23:42:22 	User following
level info: Sep-08-2023 23:43:16 	User all post
level info: Sep-08-2023 23:45:00 	Post not found
level info: Sep-08-2023 23:46:02 	User all post
level error: Sep-09-2023 17:39:07 	Error: Cast to ObjectId failed for value "Virat@Kholi" (type string) at path "userId" for model "post"
level info: Sep-09-2023 17:41:00 	Your account is created!
level info: Sep-09-2023 17:41:53 	Your account is created!
level error: Sep-09-2023 17:42:27 	User is already exist with this email or phone number
level info: Sep-09-2023 17:42:47 	Your account is created!
level info: Sep-09-2023 17:43:32 	Follow successfully
level info: Sep-09-2023 17:43:56 	Follow successfully
level error: Sep-09-2023 18:04:20 	User is already exist with this email or phone number
level info: Sep-09-2023 18:05:04 	User following
